  --non-interactive is not supported, use $CI=1 instead
D:\ODCAPP\APP\odcfrontend\node_modules\expo\node_modules\@expo\cli\build\src\utils\errors.js:130
    throw error;
    ^

Error: ENOENT: no such file or directory, watch 'D:\ODCAPP\APP\odcfrontend\android\app\.cxx\Debug\324to576\x86\CMakeFiles\CMakeTmp\CMakeFiles\cmTC_b7e97.dir'
    at FSWatcher.<computed> (node:internal/fs/watchers:254:19)
    at Object.watch (node:fs:2551:36)
    at FallbackWatcher._watchdir (D:\ODCAPP\APP\odcfrontend\node_modules\metro-file-map\src\watchers\FallbackWatcher.js:119:33)
    at D:\ODCAPP\APP\odcfrontend\node_modules\metro-file-map\src\watchers\FallbackWatcher.js:219:22
    at Walker.<anonymous> (D:\ODCAPP\APP\odcfrontend\node_modules\metro-file-map\src\watchers\FallbackWatcher.js:358:5)
    at Walker.emit (node:events:508:28)
    at D:\ODCAPP\APP\odcfrontend\node_modules\walker\lib\walker.js:69:16
    at FSReqCallback.oncomplete (node:fs:184:23) {
  errno: -4058,
  syscall: 'watch',
  code: 'ENOENT',
  path: 'D:\\ODCAPP\\APP\\odcfrontend\\android\\app\\.cxx\\Debug\\324to576\\x86\\CMakeFiles\\CMakeTmp\\CMakeFiles\\cmTC_b7e97.dir',
  filename: 'D:\\ODCAPP\\APP\\odcfrontend\\android\\app\\.cxx\\Debug\\324to576\\x86\\CMakeFiles\\CMakeTmp\\CMakeFiles\\cmTC_b7e97.dir'
}

Node.js v24.13.0
